[INFO] Scanning for projects...
[WARNING] 
[WARNING] Some problems were encountered while building the effective model for com.zq:init:jar:1.0-SNAPSHOT
[WARNING] 'build.plugins.plugin.version' for org.scala-tools:maven-scala-plugin is missing. @ line 126, column 21
[WARNING] 'build.plugins.plugin.version' for org.apache.maven.plugins:maven-eclipse-plugin is missing. @ line 144, column 21
[WARNING] 
[WARNING] It is highly recommended to fix these problems because they threaten the stability of your build.
[WARNING] 
[WARNING] For this reason, future Maven versions might no longer support building such malformed projects.
[WARNING] 
Downloading from scala-tools.org: http://scala-tools.org/repo-releases/org/scala-tools/maven-scala-plugin/maven-metadata.xml
Downloading from scala-tools.org: http://scala-tools.org/repo-releases/org/apache/maven/plugins/maven-eclipse-plugin/maven-metadata.xml
[INFO] 
[INFO] ----------------------------< com.zq:init >-----------------------------
[INFO] Building init 1.0-SNAPSHOT
[INFO] --------------------------------[ jar ]---------------------------------
Downloading from scala-tools.org: http://scala-tools.org/repo-releases/commons-codec/commons-codec/maven-metadata.xml
Downloading from sonatype-nexus-snapshots: https://oss.sonatype.org/content/repositories/snapshots/commons-codec/commons-codec/maven-metadata.xml
Downloading from central: https://repo.maven.apache.org/maven2/commons-codec/commons-codec/maven-metadata.xml
Downloading from apache.snapshots: https://repository.apache.org/snapshots/commons-codec/commons-codec/maven-metadata.xml
Progress (1): 642 BProgress (2): 642 B | 339 B                           Downloaded from central: https://repo.maven.apache.org/maven2/commons-codec/commons-codec/maven-metadata.xml (642 B at 494 B/s)
Downloaded from apache.snapshots: https://repository.apache.org/snapshots/commons-codec/commons-codec/maven-metadata.xml (339 B at 147 B/s)
Downloading from scala-tools.org: http://scala-tools.org/repo-releases/commons-codec/commons-codec/2.0-SNAPSHOT/maven-metadata.xml
Downloading from sonatype-nexus-snapshots: https://oss.sonatype.org/content/repositories/snapshots/commons-codec/commons-codec/2.0-SNAPSHOT/maven-metadata.xml
Downloading from apache.snapshots: https://repository.apache.org/snapshots/commons-codec/commons-codec/2.0-SNAPSHOT/maven-metadata.xml
Progress (1): 2.5 kB                    Downloaded from apache.snapshots: https://repository.apache.org/snapshots/commons-codec/commons-codec/2.0-SNAPSHOT/maven-metadata.xml (2.5 kB at 1.0 kB/s)
[INFO] 
[INFO] --- maven-dependency-plugin:2.8:tree (default-cli) @ init ---
[INFO] com.zq:init:jar:1.0-SNAPSHOT
[INFO] +- org.scala-lang:scala-library:jar:2.11.8:compile
[INFO] +- org.elasticsearch:elasticsearch-spark-20_2.11:jar:6.2.3:compile
[INFO] |  \- (org.scala-lang:scala-library:jar:2.11.8:compile - omitted for duplicate)
[INFO] +- org.apache.hadoop:hadoop-common:jar:2.7.3:compile
[INFO] |  +- org.apache.hadoop:hadoop-annotations:jar:2.7.3:compile
[INFO] |  |  \- jdk.tools:jdk.tools:jar:1.8:system
[INFO] |  +- com.google.guava:guava:jar:11.0.2:compile
[INFO] |  |  \- (com.google.code.findbugs:jsr305:jar:1.3.9:compile - omitted for conflict with 3.0.0)
[INFO] |  +- commons-cli:commons-cli:jar:1.2:compile
[INFO] |  +- org.apache.commons:commons-math3:jar:3.1.1:compile
[INFO] |  +- xmlenc:xmlenc:jar:0.52:compile
[INFO] |  +- commons-httpclient:commons-httpclient:jar:3.1:compile
[INFO] |  |  +- (commons-logging:commons-logging:jar:1.0.4:compile - omitted for conflict with 1.1.3)
[INFO] |  |  \- (commons-codec:commons-codec:jar:1.2:compile - omitted for conflict with 1.4)
[INFO] |  +- commons-codec:commons-codec:jar:1.4:compile
[INFO] |  +- commons-io:commons-io:jar:2.4:compile
[INFO] |  +- commons-net:commons-net:jar:3.1:compile
[INFO] |  +- commons-collections:commons-collections:jar:3.2.2:compile
[INFO] |  +- javax.servlet:servlet-api:jar:2.5:compile
[INFO] |  +- org.mortbay.jetty:jetty:jar:6.1.26:compile
[INFO] |  |  \- (org.mortbay.jetty:jetty-util:jar:6.1.26:compile - omitted for duplicate)
[INFO] |  +- org.mortbay.jetty:jetty-util:jar:6.1.26:compile
[INFO] |  +- javax.servlet.jsp:jsp-api:jar:2.1:runtime
[INFO] |  +- com.sun.jersey:jersey-core:jar:1.9:compile
[INFO] |  +- com.sun.jersey:jersey-json:jar:1.9:compile
[INFO] |  |  +- org.codehaus.jettison:jettison:jar:1.1:compile
[INFO] |  |  +- com.sun.xml.bind:jaxb-impl:jar:2.2.3-1:compile
[INFO] |  |  |  \- (javax.xml.bind:jaxb-api:jar:2.2.2:compile - omitted for duplicate)
[INFO] |  |  +- (org.codehaus.jackson:jackson-core-asl:jar:1.8.3:compile - omitted for conflict with 1.9.13)
[INFO] |  |  +- (org.codehaus.jackson:jackson-mapper-asl:jar:1.8.3:compile - omitted for conflict with 1.9.13)
[INFO] |  |  +- (org.codehaus.jackson:jackson-jaxrs:jar:1.8.3:compile - omitted for conflict with 1.9.13)
[INFO] |  |  +- (org.codehaus.jackson:jackson-xc:jar:1.8.3:compile - omitted for conflict with 1.9.13)
[INFO] |  |  \- (com.sun.jersey:jersey-core:jar:1.9:compile - omitted for duplicate)
[INFO] |  +- com.sun.jersey:jersey-server:jar:1.9:compile
[INFO] |  |  +- asm:asm:jar:3.1:compile
[INFO] |  |  \- (com.sun.jersey:jersey-core:jar:1.9:compile - omitted for duplicate)
[INFO] |  +- commons-logging:commons-logging:jar:1.1.3:compile
[INFO] |  +- log4j:log4j:jar:1.2.17:compile
[INFO] |  +- net.java.dev.jets3t:jets3t:jar:0.9.0:compile
[INFO] |  |  +- (commons-codec:commons-codec:jar:1.4:compile - omitted for duplicate)
[INFO] |  |  +- (commons-logging:commons-logging:jar:1.1.1:compile - omitted for conflict with 1.1.3)
[INFO] |  |  +- (org.apache.httpcomponents:httpclient:jar:4.1.2:compile - omitted for conflict with 4.4)
[INFO] |  |  +- (org.apache.httpcomponents:httpcore:jar:4.1.2:compile - omitted for conflict with 4.4)
[INFO] |  |  \- com.jamesmurty.utils:java-xmlbuilder:jar:0.4:compile
[INFO] |  +- commons-lang:commons-lang:jar:2.6:compile
[INFO] |  +- commons-configuration:commons-configuration:jar:1.6:compile
[INFO] |  |  +- (commons-collections:commons-collections:jar:3.2.1:compile - omitted for conflict with 3.2.2)
[INFO] |  |  +- (commons-lang:commons-lang:jar:2.4:compile - omitted for conflict with 2.6)
[INFO] |  |  +- (commons-logging:commons-logging:jar:1.1.1:compile - omitted for conflict with 1.1.3)
[INFO] |  |  +- commons-digester:commons-digester:jar:1.8:compile
[INFO] |  |  |  +- commons-beanutils:commons-beanutils:jar:1.7.0:compile
[INFO] |  |  |  |  \- (commons-logging:commons-logging:jar:1.0.3:compile - omitted for conflict with 1.1.3)
[INFO] |  |  |  \- (commons-logging:commons-logging:jar:1.1:compile - omitted for conflict with 1.1.3)
[INFO] |  |  \- commons-beanutils:commons-beanutils-core:jar:1.8.0:compile
[INFO] |  |     \- (commons-logging:commons-logging:jar:1.1.1:compile - omitted for conflict with 1.1.3)
[INFO] |  +- org.slf4j:slf4j-api:jar:1.7.10:compile
[INFO] |  +- (org.slf4j:slf4j-log4j12:jar:1.7.10:compile - scope updated from runtime; omitted for duplicate)
[INFO] |  +- org.codehaus.jackson:jackson-core-asl:jar:1.9.13:compile
[INFO] |  +- org.codehaus.jackson:jackson-mapper-asl:jar:1.9.13:compile
[INFO] |  |  \- (org.codehaus.jackson:jackson-core-asl:jar:1.9.13:compile - omitted for duplicate)
[INFO] |  +- org.apache.avro:avro:jar:1.7.4:compile
[INFO] |  |  +- (org.codehaus.jackson:jackson-core-asl:jar:1.8.8:compile - omitted for conflict with 1.9.13)
[INFO] |  |  +- (org.codehaus.jackson:jackson-mapper-asl:jar:1.8.8:compile - omitted for conflict with 1.9.13)
[INFO] |  |  +- com.thoughtworks.paranamer:paranamer:jar:2.3:compile
[INFO] |  |  +- (org.xerial.snappy:snappy-java:jar:1.0.4.1:compile - omitted for conflict with 1.1.2.6)
[INFO] |  |  +- (org.apache.commons:commons-compress:jar:1.4.1:compile - omitted for duplicate)
[INFO] |  |  \- (org.slf4j:slf4j-api:jar:1.6.4:compile - omitted for conflict with 1.7.10)
[INFO] |  +- com.google.protobuf:protobuf-java:jar:2.5.0:compile
[INFO] |  +- com.google.code.gson:gson:jar:2.2.4:compile
[INFO] |  +- org.apache.hadoop:hadoop-auth:jar:2.7.3:compile
[INFO] |  |  +- (org.slf4j:slf4j-api:jar:1.7.10:compile - omitted for duplicate)
[INFO] |  |  +- (commons-codec:commons-codec:jar:1.4:compile - omitted for duplicate)
[INFO] |  |  +- (log4j:log4j:jar:1.2.17:runtime - omitted for duplicate)
[INFO] |  |  +- (org.slf4j:slf4j-log4j12:jar:1.7.10:runtime - omitted for duplicate)
[INFO] |  |  +- (org.apache.httpcomponents:httpclient:jar:4.2.5:compile - omitted for conflict with 4.1.2)
[INFO] |  |  +- org.apache.directory.server:apacheds-kerberos-codec:jar:2.0.0-M15:compile
[INFO] |  |  |  +- org.apache.directory.server:apacheds-i18n:jar:2.0.0-M15:compile
[INFO] |  |  |  |  \- (org.slf4j:slf4j-api:jar:1.7.5:compile - omitted for conflict with 1.7.10)
[INFO] |  |  |  +- org.apache.directory.api:api-asn1-api:jar:1.0.0-M20:compile
[INFO] |  |  |  |  \- (org.slf4j:slf4j-api:jar:1.7.5:compile - omitted for conflict with 1.7.10)
[INFO] |  |  |  +- org.apache.directory.api:api-util:jar:1.0.0-M20:compile
[INFO] |  |  |  |  \- (org.slf4j:slf4j-api:jar:1.7.5:compile - omitted for conflict with 1.7.10)
[INFO] |  |  |  \- (org.slf4j:slf4j-api:jar:1.7.5:compile - omitted for conflict with 1.7.10)
[INFO] |  |  +- (org.apache.zookeeper:zookeeper:jar:3.4.6:compile - omitted for duplicate)
[INFO] |  |  \- (org.apache.curator:curator-framework:jar:2.7.1:compile - omitted for conflict with 2.6.0)
[INFO] |  +- com.jcraft:jsch:jar:0.1.42:compile
[INFO] |  +- org.apache.curator:curator-client:jar:2.7.1:compile
[INFO] |  |  +- (org.slf4j:slf4j-api:jar:1.7.6:compile - omitted for conflict with 1.7.10)
[INFO] |  |  +- (org.apache.zookeeper:zookeeper:jar:3.4.6:compile - omitted for duplicate)
[INFO] |  |  \- (com.google.guava:guava:jar:16.0.1:compile - omitted for conflict with 11.0.2)
[INFO] |  +- org.apache.curator:curator-recipes:jar:2.7.1:compile
[INFO] |  |  +- (org.apache.curator:curator-framework:jar:2.7.1:compile - omitted for duplicate)
[INFO] |  |  +- (org.apache.zookeeper:zookeeper:jar:3.4.6:compile - omitted for duplicate)
[INFO] |  |  \- (com.google.guava:guava:jar:16.0.1:compile - omitted for conflict with 11.0.2)
[INFO] |  +- com.google.code.findbugs:jsr305:jar:3.0.0:compile
[INFO] |  +- org.apache.htrace:htrace-core:jar:3.1.0-incubating:compile
[INFO] |  +- org.apache.zookeeper:zookeeper:jar:3.4.6:compile
[INFO] |  |  +- (org.slf4j:slf4j-api:jar:1.6.1:compile - omitted for conflict with 1.7.10)
[INFO] |  |  +- (org.slf4j:slf4j-log4j12:jar:1.6.1:compile - omitted for conflict with 1.7.5)
[INFO] |  |  +- (log4j:log4j:jar:1.2.16:compile - omitted for conflict with 1.2.17)
[INFO] |  |  \- (io.netty:netty:jar:3.7.0.Final:compile - omitted for conflict with 3.6.2.Final)
[INFO] |  \- org.apache.commons:commons-compress:jar:1.4.1:compile
[INFO] |     \- org.tukaani:xz:jar:1.0:compile
[INFO] +- org.apache.hadoop:hadoop-hdfs:jar:2.7.3:compile
[INFO] |  +- (com.google.guava:guava:jar:11.0.2:compile - omitted for duplicate)
[INFO] |  +- (org.mortbay.jetty:jetty:jar:6.1.26:compile - omitted for duplicate)
[INFO] |  +- (org.mortbay.jetty:jetty-util:jar:6.1.26:compile - omitted for duplicate)
[INFO] |  +- (com.sun.jersey:jersey-core:jar:1.9:compile - omitted for duplicate)
[INFO] |  +- (com.sun.jersey:jersey-server:jar:1.9:compile - omitted for duplicate)
[INFO] |  +- (commons-cli:commons-cli:jar:1.2:compile - omitted for duplicate)
[INFO] |  +- (commons-codec:commons-codec:jar:1.4:compile - omitted for duplicate)
[INFO] |  +- (commons-io:commons-io:jar:2.4:compile - omitted for duplicate)
[INFO] |  +- (commons-lang:commons-lang:jar:2.6:compile - omitted for duplicate)
[INFO] |  +- (commons-logging:commons-logging:jar:1.1.3:compile - omitted for duplicate)
[INFO] |  +- commons-daemon:commons-daemon:jar:1.0.13:compile
[INFO] |  +- (log4j:log4j:jar:1.2.17:compile - omitted for duplicate)
[INFO] |  +- (com.google.protobuf:protobuf-java:jar:2.5.0:compile - omitted for duplicate)
[INFO] |  +- (javax.servlet:servlet-api:jar:2.5:compile - omitted for duplicate)
[INFO] |  +- (org.codehaus.jackson:jackson-core-asl:jar:1.9.13:compile - omitted for duplicate)
[INFO] |  +- (org.codehaus.jackson:jackson-mapper-asl:jar:1.9.13:compile - omitted for duplicate)
[INFO] |  +- (xmlenc:xmlenc:jar:0.52:compile - omitted for duplicate)
[INFO] |  +- io.netty:netty:jar:3.6.2.Final:compile
[INFO] |  +- xerces:xercesImpl:jar:2.9.1:compile
[INFO] |  |  \- xml-apis:xml-apis:jar:1.3.04:compile
[INFO] |  +- (org.apache.htrace:htrace-core:jar:3.1.0-incubating:compile - omitted for duplicate)
[INFO] |  \- org.fusesource.leveldbjni:leveldbjni-all:jar:1.8:compile
[INFO] +- org.apache.hadoop:hadoop-yarn-common:jar:2.7.3:compile
[INFO] |  +- org.apache.hadoop:hadoop-yarn-api:jar:2.7.3:compile
[INFO] |  |  +- (commons-lang:commons-lang:jar:2.6:compile - omitted for duplicate)
[INFO] |  |  +- (com.google.guava:guava:jar:11.0.2:compile - omitted for duplicate)
[INFO] |  |  +- (commons-logging:commons-logging:jar:1.1.3:compile - omitted for duplicate)
[INFO] |  |  +- (org.apache.hadoop:hadoop-annotations:jar:2.7.3:compile - omitted for duplicate)
[INFO] |  |  \- (com.google.protobuf:protobuf-java:jar:2.5.0:compile - omitted for duplicate)
[INFO] |  +- javax.xml.bind:jaxb-api:jar:2.2.2:compile
[INFO] |  |  +- javax.xml.stream:stax-api:jar:1.0-2:compile
[INFO] |  |  \- javax.activation:activation:jar:1.1:compile
[INFO] |  +- (org.apache.commons:commons-compress:jar:1.4.1:compile - omitted for duplicate)
[INFO] |  +- (commons-lang:commons-lang:jar:2.6:compile - omitted for duplicate)
[INFO] |  +- (javax.servlet:servlet-api:jar:2.5:compile - omitted for duplicate)
[INFO] |  +- (commons-codec:commons-codec:jar:1.4:compile - omitted for duplicate)
[INFO] |  +- (org.mortbay.jetty:jetty-util:jar:6.1.26:compile - omitted for duplicate)
[INFO] |  +- (com.sun.jersey:jersey-core:jar:1.9:compile - omitted for duplicate)
[INFO] |  +- com.sun.jersey:jersey-client:jar:1.9:compile
[INFO] |  |  \- (com.sun.jersey:jersey-core:jar:1.9:compile - omitted for duplicate)
[INFO] |  +- (org.codehaus.jackson:jackson-core-asl:jar:1.9.13:compile - omitted for duplicate)
[INFO] |  +- (org.codehaus.jackson:jackson-mapper-asl:jar:1.9.13:compile - omitted for duplicate)
[INFO] |  +- org.codehaus.jackson:jackson-jaxrs:jar:1.9.13:compile
[INFO] |  |  +- (org.codehaus.jackson:jackson-core-asl:jar:1.9.13:compile - omitted for duplicate)
[INFO] |  |  \- (org.codehaus.jackson:jackson-mapper-asl:jar:1.9.13:compile - omitted for duplicate)
[INFO] |  +- org.codehaus.jackson:jackson-xc:jar:1.9.13:compile
[INFO] |  |  +- (org.codehaus.jackson:jackson-core-asl:jar:1.9.13:compile - omitted for duplicate)
[INFO] |  |  \- (org.codehaus.jackson:jackson-mapper-asl:jar:1.9.13:compile - omitted for duplicate)
[INFO] |  +- (com.google.guava:guava:jar:11.0.2:compile - omitted for duplicate)
[INFO] |  +- (commons-logging:commons-logging:jar:1.1.3:compile - omitted for duplicate)
[INFO] |  +- (commons-cli:commons-cli:jar:1.2:compile - omitted for duplicate)
[INFO] |  +- (org.slf4j:slf4j-api:jar:1.7.10:compile - omitted for duplicate)
[INFO] |  +- (org.apache.hadoop:hadoop-annotations:jar:2.7.3:compile - omitted for duplicate)
[INFO] |  +- com.google.inject.extensions:guice-servlet:jar:3.0:compile
[INFO] |  |  \- (com.google.inject:guice:jar:3.0:compile - omitted for duplicate)
[INFO] |  +- (com.google.protobuf:protobuf-java:jar:2.5.0:compile - omitted for duplicate)
[INFO] |  +- (commons-io:commons-io:jar:2.4:compile - omitted for duplicate)
[INFO] |  +- com.google.inject:guice:jar:3.0:compile
[INFO] |  |  +- javax.inject:javax.inject:jar:1:compile
[INFO] |  |  \- aopalliance:aopalliance:jar:1.0:compile
[INFO] |  +- (com.sun.jersey:jersey-server:jar:1.9:compile - omitted for duplicate)
[INFO] |  +- (com.sun.jersey:jersey-json:jar:1.9:compile - omitted for duplicate)
[INFO] |  +- com.sun.jersey.contribs:jersey-guice:jar:1.9:compile
[INFO] |  |  +- (javax.inject:javax.inject:jar:1:compile - omitted for duplicate)
[INFO] |  |  +- (com.google.inject:guice:jar:3.0:compile - omitted for duplicate)
[INFO] |  |  +- (com.google.inject.extensions:guice-servlet:jar:3.0:compile - omitted for duplicate)
[INFO] |  |  \- (com.sun.jersey:jersey-server:jar:1.9:compile - omitted for duplicate)
[INFO] |  \- (log4j:log4j:jar:1.2.17:compile - omitted for duplicate)
[INFO] +- org.apache.hive:hive-jdbc:jar:1.2.1:compile
[INFO] |  +- org.apache.hive:hive-common:jar:1.2.1:compile
[INFO] |  |  +- (org.apache.hive:hive-shims:jar:1.2.1:compile - omitted for duplicate)
[INFO] |  |  +- (commons-cli:commons-cli:jar:1.2:compile - omitted for duplicate)
[INFO] |  |  +- (commons-lang:commons-lang:jar:2.6:compile - omitted for duplicate)
[INFO] |  |  +- (commons-logging:commons-logging:jar:1.1.3:compile - omitted for duplicate)
[INFO] |  |  +- (joda-time:joda-time:jar:2.5:compile - omitted for conflict with 2.9.3)
[INFO] |  |  +- (log4j:log4j:jar:1.2.16:compile - omitted for conflict with 1.2.17)
[INFO] |  |  +- log4j:apache-log4j-extras:jar:1.2.17:compile
[INFO] |  |  |  \- (log4j:log4j:jar:1.2.17:compile - omitted for duplicate)
[INFO] |  |  +- (org.apache.commons:commons-compress:jar:1.4.1:compile - omitted for duplicate)
[INFO] |  |  +- org.apache.ant:ant:jar:1.9.1:compile
[INFO] |  |  |  \- org.apache.ant:ant-launcher:jar:1.9.1:compile
[INFO] |  |  +- org.json:json:jar:20090211:compile
[INFO] |  |  +- (org.slf4j:slf4j-api:jar:1.7.5:compile - omitted for conflict with 1.7.10)
[INFO] |  |  \- (org.slf4j:slf4j-log4j12:jar:1.7.5:compile - omitted for conflict with 1.6.1)
[INFO] |  +- org.apache.hive:hive-service:jar:1.2.1:compile
[INFO] |  |  +- (org.apache.hive:hive-metastore:jar:1.2.1:compile - omitted for duplicate)
[INFO] |  |  +- (commons-codec:commons-codec:jar:1.4:compile - omitted for duplicate)
[INFO] |  |  +- (commons-cli:commons-cli:jar:1.2:compile - omitted for duplicate)
[INFO] |  |  +- net.sf.jpam:jpam:jar:1.1:compile
[INFO] |  |  |  \- (commons-logging:commons-logging:jar:1.0.4:compile - omitted for conflict with 1.1.3)
[INFO] |  |  +- (commons-lang:commons-lang:jar:2.6:compile - omitted for duplicate)
[INFO] |  |  +- (commons-logging:commons-logging:jar:1.1.3:compile - omitted for duplicate)
[INFO] |  |  +- org.eclipse.jetty.aggregate:jetty-all:jar:7.6.0.v20120127:compile
[INFO] |  |  |  +- (javax.servlet:servlet-api:jar:2.5:compile - omitted for duplicate)
[INFO] |  |  |  +- org.apache.geronimo.specs:geronimo-jta_1.1_spec:jar:1.1.1:compile
[INFO] |  |  |  +- javax.mail:mail:jar:1.4.1:compile
[INFO] |  |  |  |  \- (javax.activation:activation:jar:1.1:compile - omitted for duplicate)
[INFO] |  |  |  +- (javax.activation:activation:jar:1.1:compile - omitted for duplicate)
[INFO] |  |  |  +- org.apache.geronimo.specs:geronimo-jaspic_1.0_spec:jar:1.0:compile
[INFO] |  |  |  +- org.apache.geronimo.specs:geronimo-annotation_1.0_spec:jar:1.1.1:compile
[INFO] |  |  |  \- asm:asm-commons:jar:3.1:compile
[INFO] |  |  |     \- asm:asm-tree:jar:3.1:compile
[INFO] |  |  |        \- (asm:asm:jar:3.1:compile - omitted for duplicate)
[INFO] |  |  +- (org.apache.thrift:libfb303:jar:0.9.2:compile - omitted for conflict with 0.9.3)
[INFO] |  |  +- (org.apache.thrift:libthrift:jar:0.9.2:compile - omitted for duplicate)
[INFO] |  |  +- (org.apache.curator:curator-framework:jar:2.6.0:compile - omitted for conflict with 2.7.1)
[INFO] |  |  +- (org.apache.curator:curator-recipes:jar:2.6.0:compile - omitted for conflict with 2.7.1)
[INFO] |  |  +- (org.slf4j:slf4j-api:jar:1.7.5:compile - omitted for conflict with 1.7.10)
[INFO] |  |  \- (org.slf4j:slf4j-log4j12:jar:1.7.5:compile - omitted for conflict with 1.6.1)
[INFO] |  +- org.apache.hive:hive-serde:jar:1.2.1:compile
[INFO] |  |  +- (org.apache.hive:hive-common:jar:1.2.1:compile - omitted for duplicate)
[INFO] |  |  +- (org.apache.hive:hive-shims:jar:1.2.1:compile - omitted for duplicate)
[INFO] |  |  +- (com.google.code.findbugs:jsr305:jar:3.0.0:compile - omitted for duplicate)
[INFO] |  |  +- (commons-codec:commons-codec:jar:1.4:compile - omitted for duplicate)
[INFO] |  |  +- (commons-lang:commons-lang:jar:2.6:compile - omitted for duplicate)
[INFO] |  |  +- (commons-logging:commons-logging:jar:1.1.3:compile - omitted for duplicate)
[INFO] |  |  +- (org.apache.avro:avro:jar:1.7.5:compile - omitted for conflict with 1.7.4)
[INFO] |  |  +- (org.apache.thrift:libthrift:jar:0.9.2:compile - omitted for duplicate)
[INFO] |  |  +- net.sf.opencsv:opencsv:jar:2.3:compile
[INFO] |  |  +- (com.twitter:parquet-hadoop-bundle:jar:1.6.0:compile - omitted for duplicate)
[INFO] |  |  +- (org.slf4j:slf4j-api:jar:1.7.5:compile - omitted for conflict with 1.7.10)
[INFO] |  |  \- (org.slf4j:slf4j-log4j12:jar:1.7.5:compile - omitted for conflict with 1.6.1)
[INFO] |  +- org.apache.hive:hive-metastore:jar:1.2.1:compile
[INFO] |  |  +- (org.apache.hive:hive-serde:jar:1.2.1:compile - omitted for duplicate)
[INFO] |  |  +- (org.apache.hive:hive-shims:jar:1.2.1:compile - omitted for duplicate)
[INFO] |  |  +- (com.google.guava:guava:jar:14.0.1:compile - omitted for conflict with 11.0.2)
[INFO] |  |  +- com.jolbox:bonecp:jar:0.8.0.RELEASE:compile
[INFO] |  |  |  +- (com.google.guava:guava:jar:15.0:compile - omitted for conflict with 11.0.2)
[INFO] |  |  |  \- (org.slf4j:slf4j-api:jar:1.7.2:compile - omitted for conflict with 1.7.10)
[INFO] |  |  +- (commons-cli:commons-cli:jar:1.2:compile - omitted for duplicate)
[INFO] |  |  +- (commons-lang:commons-lang:jar:2.6:compile - omitted for duplicate)
[INFO] |  |  +- (commons-logging:commons-logging:jar:1.1.3:compile - omitted for duplicate)
[INFO] |  |  +- (org.apache.derby:derby:jar:10.10.2.0:compile - omitted for conflict with 10.12.1.1)
[INFO] |  |  +- org.datanucleus:datanucleus-api-jdo:jar:3.2.6:compile
[INFO] |  |  +- (org.datanucleus:datanucleus-core:jar:3.2.10:compile - omitted for duplicate)
[INFO] |  |  +- org.datanucleus:datanucleus-rdbms:jar:3.2.9:compile
[INFO] |  |  +- commons-pool:commons-pool:jar:1.5.4:compile
[INFO] |  |  +- commons-dbcp:commons-dbcp:jar:1.4:compile
[INFO] |  |  |  \- (commons-pool:commons-pool:jar:1.5.4:compile - omitted for duplicate)
[INFO] |  |  +- javax.jdo:jdo-api:jar:3.0.1:compile
[INFO] |  |  |  \- javax.transaction:jta:jar:1.1:compile
[INFO] |  |  +- org.antlr:antlr-runtime:jar:3.4:compile
[INFO] |  |  |  +- org.antlr:stringtemplate:jar:3.2.1:compile
[INFO] |  |  |  |  \- (antlr:antlr:jar:2.7.7:compile - omitted for duplicate)
[INFO] |  |  |  \- antlr:antlr:jar:2.7.7:compile
[INFO] |  |  +- (org.apache.thrift:libfb303:jar:0.9.2:compile - omitted for duplicate)
[INFO] |  |  +- (org.apache.thrift:libthrift:jar:0.9.2:compile - omitted for duplicate)
[INFO] |  |  +- (org.slf4j:slf4j-api:jar:1.7.5:compile - omitted for conflict with 1.7.10)
[INFO] |  |  \- (org.slf4j:slf4j-log4j12:jar:1.7.5:compile - omitted for conflict with 1.6.1)
[INFO] |  +- org.apache.hive:hive-shims:jar:1.2.1:compile
[INFO] |  |  +- org.apache.hive.shims:hive-shims-common:jar:1.2.1:compile
[INFO] |  |  |  +- (commons-logging:commons-logging:jar:1.1.3:compile - omitted for duplicate)
[INFO] |  |  |  +- (log4j:log4j:jar:1.2.16:compile - omitted for conflict with 1.2.17)
[INFO] |  |  |  +- (log4j:apache-log4j-extras:jar:1.2.17:compile - omitted for duplicate)
[INFO] |  |  |  +- (com.google.guava:guava:jar:14.0.1:compile - omitted for conflict with 11.0.2)
[INFO] |  |  |  +- (commons-lang:commons-lang:jar:2.6:compile - omitted for duplicate)
[INFO] |  |  |  +- (org.apache.thrift:libthrift:jar:0.9.2:compile - omitted for duplicate)
[INFO] |  |  |  +- (org.apache.curator:curator-framework:jar:2.6.0:compile - omitted for conflict with 2.7.1)
[INFO] |  |  |  +- (org.apache.zookeeper:zookeeper:jar:3.4.6:compile - omitted for duplicate)
[INFO] |  |  |  +- (org.slf4j:slf4j-api:jar:1.7.5:compile - omitted for conflict with 1.7.10)
[INFO] |  |  |  \- (org.slf4j:slf4j-log4j12:jar:1.7.5:compile - omitted for conflict with 1.6.1)
[INFO] |  |  +- org.apache.hive.shims:hive-shims-0.20S:jar:1.2.1:runtime
[INFO] |  |  |  +- (org.apache.hive.shims:hive-shims-common:jar:1.2.1:runtime - omitted for duplicate)
[INFO] |  |  |  +- (org.slf4j:slf4j-api:jar:1.7.5:runtime - omitted for conflict with 1.7.10)
[INFO] |  |  |  \- (org.slf4j:slf4j-log4j12:jar:1.7.5:runtime - omitted for conflict with 1.6.1)
[INFO] |  |  +- org.apache.hive.shims:hive-shims-0.23:jar:1.2.1:runtime
[INFO] |  |  |  +- (org.apache.hive.shims:hive-shims-common:jar:1.2.1:runtime - omitted for duplicate)
[INFO] |  |  |  +- (commons-lang:commons-lang:jar:2.6:runtime - omitted for duplicate)
[INFO] |  |  |  +- (commons-logging:commons-logging:jar:1.1.3:runtime - omitted for duplicate)
[INFO] |  |  |  +- org.apache.hadoop:hadoop-yarn-server-resourcemanager:jar:2.6.0:runtime
[INFO] |  |  |  |  +- (org.slf4j:slf4j-api:jar:1.7.5:runtime - omitted for conflict with 1.7.10)
[INFO] |  |  |  |  +- (org.apache.hadoop:hadoop-annotations:jar:2.6.0:runtime - omitted for conflict with 2.7.3)
[INFO] |  |  |  |  +- (com.google.inject.extensions:guice-servlet:jar:3.0:runtime - omitted for duplicate)
[INFO] |  |  |  |  +- (com.google.protobuf:protobuf-java:jar:2.5.0:runtime - omitted for duplicate)
[INFO] |  |  |  |  +- (commons-io:commons-io:jar:2.4:runtime - omitted for duplicate)
[INFO] |  |  |  |  +- (com.google.inject:guice:jar:3.0:runtime - omitted for duplicate)
[INFO] |  |  |  |  +- (com.sun.jersey:jersey-json:jar:1.9:runtime - omitted for duplicate)
[INFO] |  |  |  |  +- (com.sun.jersey.contribs:jersey-guice:jar:1.9:runtime - omitted for duplicate)
[INFO] |  |  |  |  +- (org.apache.hadoop:hadoop-yarn-common:jar:2.6.0:runtime - omitted for conflict with 2.7.3)
[INFO] |  |  |  |  +- (org.apache.hadoop:hadoop-yarn-api:jar:2.6.0:runtime - omitted for conflict with 2.7.3)
[INFO] |  |  |  |  +- (javax.xml.bind:jaxb-api:jar:2.2.2:runtime - omitted for duplicate)
[INFO] |  |  |  |  +- (org.codehaus.jettison:jettison:jar:1.1:runtime - omitted for duplicate)
[INFO] |  |  |  |  +- (commons-lang:commons-lang:jar:2.6:runtime - omitted for duplicate)
[INFO] |  |  |  |  +- (com.sun.jersey:jersey-core:jar:1.9:runtime - omitted for duplicate)
[INFO] |  |  |  |  +- (com.sun.jersey:jersey-client:jar:1.9:runtime - omitted for duplicate)
[INFO] |  |  |  |  +- (org.mortbay.jetty:jetty-util:jar:6.1.26:runtime - omitted for duplicate)
[INFO] |  |  |  |  +- (com.google.guava:guava:jar:11.0.2:runtime - omitted for duplicate)
[INFO] |  |  |  |  +- (commons-logging:commons-logging:jar:1.1.3:runtime - omitted for duplicate)
[INFO] |  |  |  |  +- (log4j:log4j:jar:1.2.17:runtime - omitted for duplicate)
[INFO] |  |  |  |  +- (org.apache.hadoop:hadoop-yarn-server-common:jar:2.6.0:compile - scope updated from runtime; omitted for duplicate)
[INFO] |  |  |  |  +- org.apache.hadoop:hadoop-yarn-server-applicationhistoryservice:jar:2.6.0:runtime
[INFO] |  |  |  |  |  +- (org.apache.hadoop:hadoop-annotations:jar:2.6.0:runtime - omitted for conflict with 2.7.3)
[INFO] |  |  |  |  |  +- (com.google.inject.extensions:guice-servlet:jar:3.0:runtime - omitted for duplicate)
[INFO] |  |  |  |  |  +- (com.google.protobuf:protobuf-java:jar:2.5.0:runtime - omitted for duplicate)
[INFO] |  |  |  |  |  +- (com.google.inject:guice:jar:3.0:runtime - omitted for duplicate)
[INFO] |  |  |  |  |  +- (com.sun.jersey:jersey-json:jar:1.9:runtime - omitted for duplicate)
[INFO] |  |  |  |  |  +- (com.sun.jersey.contribs:jersey-guice:jar:1.9:runtime - omitted for duplicate)
[INFO] |  |  |  |  |  +- (org.apache.hadoop:hadoop-yarn-common:jar:2.6.0:runtime - omitted for conflict with 2.7.3)
[INFO] |  |  |  |  |  +- (org.apache.hadoop:hadoop-yarn-api:jar:2.6.0:runtime - omitted for conflict with 2.7.3)
[INFO] |  |  |  |  |  +- (javax.xml.bind:jaxb-api:jar:2.2.2:runtime - omitted for duplicate)
[INFO] |  |  |  |  |  +- (org.codehaus.jettison:jettison:jar:1.1:runtime - omitted for duplicate)
[INFO] |  |  |  |  |  +- (com.sun.jersey:jersey-core:jar:1.9:runtime - omitted for duplicate)
[INFO] |  |  |  |  |  +- (com.sun.jersey:jersey-client:jar:1.9:runtime - omitted for duplicate)
[INFO] |  |  |  |  |  +- (com.google.guava:guava:jar:11.0.2:runtime - omitted for duplicate)
[INFO] |  |  |  |  |  +- (commons-logging:commons-logging:jar:1.1.3:runtime - omitted for duplicate)
[INFO] |  |  |  |  |  +- (org.apache.hadoop:hadoop-yarn-server-common:jar:2.6.0:runtime - omitted for duplicate)
[INFO] |  |  |  |  |  +- (commons-collections:commons-collections:jar:3.2.1:runtime - omitted for conflict with 3.2.2)
[INFO] |  |  |  |  |  \- (org.fusesource.leveldbjni:leveldbjni-all:jar:1.8:runtime - omitted for duplicate)
[INFO] |  |  |  |  +- org.apache.hadoop:hadoop-yarn-server-web-proxy:jar:2.6.0:runtime
[INFO] |  |  |  |  |  +- (org.apache.hadoop:hadoop-yarn-server-common:jar:2.6.0:runtime - omitted for duplicate)
[INFO] |  |  |  |  |  +- (org.apache.hadoop:hadoop-yarn-common:jar:2.6.0:runtime - omitted for conflict with 2.7.3)
[INFO] |  |  |  |  |  +- (org.apache.hadoop:hadoop-yarn-api:jar:2.6.0:runtime - omitted for conflict with 2.7.3)
[INFO] |  |  |  |  |  +- (commons-httpclient:commons-httpclient:jar:3.1:runtime - omitted for duplicate)
[INFO] |  |  |  |  |  +- (com.google.guava:guava:jar:11.0.2:runtime - omitted for duplicate)
[INFO] |  |  |  |  |  +- (commons-logging:commons-logging:jar:1.1.3:runtime - omitted for duplicate)
[INFO] |  |  |  |  |  \- (org.mortbay.jetty:jetty:jar:6.1.26:runtime - omitted for duplicate)
[INFO] |  |  |  |  \- (org.apache.zookeeper:zookeeper:jar:3.4.6:runtime - omitted for duplicate)
[INFO] |  |  |  +- (org.slf4j:slf4j-api:jar:1.7.5:runtime - omitted for conflict with 1.7.10)
[INFO] |  |  |  \- (org.slf4j:slf4j-log4j12:jar:1.7.5:runtime - omitted for conflict with 1.6.1)
[INFO] |  |  +- org.apache.hive.shims:hive-shims-scheduler:jar:1.2.1:runtime
[INFO] |  |  |  +- (org.apache.hive.shims:hive-shims-common:jar:1.2.1:runtime - omitted for duplicate)
[INFO] |  |  |  +- (commons-logging:commons-logging:jar:1.1.3:runtime - omitted for duplicate)
[INFO] |  |  |  +- (org.slf4j:slf4j-api:jar:1.7.5:runtime - omitted for conflict with 1.7.10)
[INFO] |  |  |  \- (org.slf4j:slf4j-log4j12:jar:1.7.5:runtime - omitted for conflict with 1.6.1)
[INFO] |  |  +- (org.slf4j:slf4j-api:jar:1.7.5:compile - omitted for conflict with 1.7.10)
[INFO] |  |  \- (org.slf4j:slf4j-log4j12:jar:1.7.5:compile - omitted for conflict with 1.6.1)
[INFO] |  +- (commons-logging:commons-logging:jar:1.1.3:compile - omitted for duplicate)
[INFO] |  +- org.apache.httpcomponents:httpclient:jar:4.4:compile
[INFO] |  |  +- (org.apache.httpcomponents:httpcore:jar:4.4:compile - omitted for conflict with 4.1.2)
[INFO] |  |  +- (commons-logging:commons-logging:jar:1.2:compile - omitted for conflict with 1.1.3)
[INFO] |  |  \- (commons-codec:commons-codec:jar:1.9:compile - omitted for conflict with 1.4)
[INFO] |  +- org.apache.httpcomponents:httpcore:jar:4.4:compile
[INFO] |  +- org.apache.thrift:libthrift:jar:0.9.2:compile
[INFO] |  |  +- (org.slf4j:slf4j-api:jar:1.5.8:compile - omitted for conflict with 1.7.10)
[INFO] |  |  +- (org.apache.httpcomponents:httpclient:jar:4.2.5:compile - omitted for conflict with 4.4)
[INFO] |  |  \- (org.apache.httpcomponents:httpcore:jar:4.2.4:compile - omitted for conflict with 4.4)
[INFO] |  +- (org.apache.zookeeper:zookeeper:jar:3.4.6:compile - omitted for duplicate)
[INFO] |  +- org.apache.curator:curator-framework:jar:2.6.0:compile
[INFO] |  |  +- (org.apache.curator:curator-client:jar:2.6.0:compile - omitted for conflict with 2.7.1)
[INFO] |  |  +- (org.apache.zookeeper:zookeeper:jar:3.4.6:compile - omitted for duplicate)
[INFO] |  |  \- (com.google.guava:guava:jar:16.0.1:compile - omitted for conflict with 11.0.2)
[INFO] |  +- (org.slf4j:slf4j-api:jar:1.7.5:compile - omitted for conflict with 1.7.10)
[INFO] |  \- org.slf4j:slf4j-log4j12:jar:1.7.5:compile
[INFO] |     +- (org.slf4j:slf4j-api:jar:1.7.5:compile - omitted for conflict with 1.7.10)
[INFO] |     \- (log4j:log4j:jar:1.2.17:compile - omitted for duplicate)
[INFO] +- org.apache.hbase:hbase-client:jar:1.1.2:compile
[INFO] |  +- org.apache.hbase:hbase-annotations:jar:1.1.2:compile
[INFO] |  |  +- (jdk.tools:jdk.tools:jar:1.7:system - omitted for conflict with 1.8)
[INFO] |  |  +- (com.github.stephenc.findbugs:findbugs-annotations:jar:1.3.9-1:compile - omitted for duplicate)
[INFO] |  |  +- (log4j:log4j:jar:1.2.17:compile - omitted for duplicate)
[INFO] |  |  \- (junit:junit:jar:4.11:compile - omitted for duplicate)
[INFO] |  +- org.apache.hbase:hbase-common:jar:1.1.2:compile
[INFO] |  |  +- (org.apache.hbase:hbase-protocol:jar:1.1.2:compile - omitted for duplicate)
[INFO] |  |  +- (org.apache.hbase:hbase-annotations:jar:1.1.2:compile - omitted for duplicate)
[INFO] |  |  +- (com.google.guava:guava:jar:12.0.1:compile - omitted for conflict with 11.0.2)
[INFO] |  |  +- (commons-logging:commons-logging:jar:1.2:compile - omitted for conflict with 1.1.3)
[INFO] |  |  +- (commons-codec:commons-codec:jar:1.9:compile - omitted for conflict with 1.4)
[INFO] |  |  +- (commons-lang:commons-lang:jar:2.6:compile - omitted for duplicate)
[INFO] |  |  +- (commons-collections:commons-collections:jar:3.2.1:compile - omitted for conflict with 3.2.2)
[INFO] |  |  +- (commons-io:commons-io:jar:2.4:compile - omitted for duplicate)
[INFO] |  |  +- (com.google.protobuf:protobuf-java:jar:2.5.0:compile - omitted for duplicate)
[INFO] |  |  +- (org.mortbay.jetty:jetty-util:jar:6.1.26:compile - omitted for duplicate)
[INFO] |  |  +- (org.apache.htrace:htrace-core:jar:3.1.0-incubating:compile - omitted for duplicate)
[INFO] |  |  +- (org.apache.hadoop:hadoop-common:jar:2.5.1:compile - omitted for conflict with 2.7.3)
[INFO] |  |  +- (org.apache.hadoop:hadoop-mapreduce-client-core:jar:2.5.1:compile - omitted for duplicate)
[INFO] |  |  +- (com.github.stephenc.findbugs:findbugs-annotations:jar:1.3.9-1:compile - omitted for duplicate)
[INFO] |  |  +- (log4j:log4j:jar:1.2.17:compile - omitted for duplicate)
[INFO] |  |  \- (junit:junit:jar:4.11:compile - omitted for duplicate)
[INFO] |  +- org.apache.hbase:hbase-protocol:jar:1.1.2:compile
[INFO] |  |  +- (org.apache.hbase:hbase-annotations:jar:1.1.2:compile - omitted for duplicate)
[INFO] |  |  +- (com.google.protobuf:protobuf-java:jar:2.5.0:compile - omitted for duplicate)
[INFO] |  |  +- (commons-logging:commons-logging:jar:1.2:compile - omitted for conflict with 1.1.3)
[INFO] |  |  +- (com.github.stephenc.findbugs:findbugs-annotations:jar:1.3.9-1:compile - omitted for duplicate)
[INFO] |  |  +- (log4j:log4j:jar:1.2.17:compile - omitted for duplicate)
[INFO] |  |  \- (junit:junit:jar:4.11:compile - omitted for duplicate)
[INFO] |  +- (commons-codec:commons-codec:jar:1.9:compile - omitted for conflict with 1.4)
[INFO] |  +- (commons-io:commons-io:jar:2.4:compile - omitted for duplicate)
[INFO] |  +- (commons-lang:commons-lang:jar:2.6:compile - omitted for duplicate)
[INFO] |  +- (commons-logging:commons-logging:jar:1.2:compile - omitted for conflict with 1.1.3)
[INFO] |  +- (com.google.guava:guava:jar:12.0.1:compile - omitted for conflict with 11.0.2)
[INFO] |  +- (com.google.protobuf:protobuf-java:jar:2.5.0:compile - omitted for duplicate)
[INFO] |  +- (org.apache.zookeeper:zookeeper:jar:3.4.6:compile - omitted for duplicate)
[INFO] |  +- (org.apache.htrace:htrace-core:jar:3.1.0-incubating:compile - omitted for duplicate)
[INFO] |  +- (org.codehaus.jackson:jackson-mapper-asl:jar:1.9.13:compile - omitted for duplicate)
[INFO] |  +- org.jruby.jcodings:jcodings:jar:1.0.8:compile
[INFO] |  +- org.jruby.joni:joni:jar:2.1.2:compile
[INFO] |  |  \- (org.jruby.jcodings:jcodings:jar:1.0.8:compile - omitted for duplicate)
[INFO] |  +- (org.apache.hadoop:hadoop-auth:jar:2.5.1:compile - omitted for conflict with 2.7.3)
[INFO] |  +- (org.apache.hadoop:hadoop-common:jar:2.5.1:compile - omitted for conflict with 2.7.3)
[INFO] |  +- org.apache.hadoop:hadoop-mapreduce-client-core:jar:2.5.1:compile
[INFO] |  |  +- (org.apache.hadoop:hadoop-yarn-common:jar:2.5.1:compile - omitted for conflict with 2.7.3)
[INFO] |  |  +- (com.google.protobuf:protobuf-java:jar:2.5.0:compile - omitted for duplicate)
[INFO] |  |  +- (org.apache.avro:avro:jar:1.7.4:compile - omitted for duplicate)
[INFO] |  |  +- (org.slf4j:slf4j-api:jar:1.7.5:compile - omitted for conflict with 1.7.10)
[INFO] |  |  +- (org.slf4j:slf4j-log4j12:jar:1.7.5:compile - omitted for duplicate)
[INFO] |  |  +- (org.apache.hadoop:hadoop-annotations:jar:2.5.1:compile - omitted for conflict with 2.7.3)
[INFO] |  |  \- (io.netty:netty:jar:3.6.2.Final:compile - omitted for duplicate)
[INFO] |  +- com.github.stephenc.findbugs:findbugs-annotations:jar:1.3.9-1:compile
[INFO] |  \- junit:junit:jar:4.11:compile
[INFO] |     \- org.hamcrest:hamcrest-core:jar:1.3:compile
[INFO] +- org.apache.spark:spark-core_2.11:jar:2.3.1:compile
[INFO] |  +- (org.apache.avro:avro:jar:1.7.7:compile - omitted for conflict with 1.7.4)
[INFO] |  +- org.apache.avro:avro-mapred:jar:hadoop2:1.7.7:compile
[INFO] |  |  +- org.apache.avro:avro-ipc:jar:1.7.7:compile
[INFO] |  |  |  +- (org.apache.avro:avro:jar:1.7.7:compile - omitted for conflict with 1.7.4)
[INFO] |  |  |  +- (org.codehaus.jackson:jackson-core-asl:jar:1.9.13:compile - omitted for duplicate)
[INFO] |  |  |  +- (org.codehaus.jackson:jackson-mapper-asl:jar:1.9.13:compile - omitted for duplicate)
[INFO] |  |  |  \- (org.slf4j:slf4j-api:jar:1.6.4:compile - omitted for conflict with 1.7.10)
[INFO] |  |  +- org.apache.avro:avro-ipc:jar:tests:1.7.7:compile
[INFO] |  |  |  +- (org.apache.avro:avro:jar:1.7.7:compile - omitted for conflict with 1.7.4)
[INFO] |  |  |  +- (org.codehaus.jackson:jackson-core-asl:jar:1.9.13:compile - omitted for duplicate)
[INFO] |  |  |  +- (org.codehaus.jackson:jackson-mapper-asl:jar:1.9.13:compile - omitted for duplicate)
[INFO] |  |  |  \- (org.slf4j:slf4j-api:jar:1.6.4:compile - omitted for conflict with 1.7.10)
[INFO] |  |  +- (org.codehaus.jackson:jackson-core-asl:jar:1.9.13:compile - omitted for duplicate)
[INFO] |  |  +- (org.codehaus.jackson:jackson-mapper-asl:jar:1.9.13:compile - omitted for duplicate)
[INFO] |  |  \- (org.slf4j:slf4j-api:jar:1.6.4:compile - omitted for conflict with 1.7.10)
[INFO] |  +- com.twitter:chill_2.11:jar:0.8.4:compile
[INFO] |  |  +- (org.scala-lang:scala-library:jar:2.11.8:compile - omitted for duplicate)
[INFO] |  |  +- (com.twitter:chill-java:jar:0.8.4:compile - omitted for duplicate)
[INFO] |  |  \- com.esotericsoftware:kryo-shaded:jar:3.0.3:compile
[INFO] |  |     +- com.esotericsoftware:minlog:jar:1.3.0:compile
[INFO] |  |     \- org.objenesis:objenesis:jar:2.1:compile
[INFO] |  +- com.twitter:chill-java:jar:0.8.4:compile
[INFO] |  |  \- (com.esotericsoftware:kryo-shaded:jar:3.0.3:compile - omitted for duplicate)
[INFO] |  +- org.apache.xbean:xbean-asm5-shaded:jar:4.4:compile
[INFO] |  +- org.apache.hadoop:hadoop-client:jar:2.6.5:compile
[INFO] |  |  +- (org.apache.hadoop:hadoop-common:jar:2.6.5:compile - omitted for conflict with 2.7.3)
[INFO] |  |  +- (org.apache.hadoop:hadoop-hdfs:jar:2.6.5:compile - omitted for conflict with 2.7.3)
[INFO] |  |  +- org.apache.hadoop:hadoop-mapreduce-client-app:jar:2.6.5:compile
[INFO] |  |  |  +- org.apache.hadoop:hadoop-mapreduce-client-common:jar:2.6.5:compile
[INFO] |  |  |  |  +- (org.apache.hadoop:hadoop-yarn-common:jar:2.6.5:compile - omitted for conflict with 2.7.3)
[INFO] |  |  |  |  +- org.apache.hadoop:hadoop-yarn-client:jar:2.6.5:compile
[INFO] |  |  |  |  |  +- (com.google.guava:guava:jar:11.0.2:compile - omitted for duplicate)
[INFO] |  |  |  |  |  +- (commons-lang:commons-lang:jar:2.6:compile - omitted for duplicate)
[INFO] |  |  |  |  |  +- (commons-cli:commons-cli:jar:1.2:compile - omitted for duplicate)
[INFO] |  |  |  |  |  +- (log4j:log4j:jar:1.2.17:compile - omitted for duplicate)
[INFO] |  |  |  |  |  +- (org.apache.hadoop:hadoop-yarn-api:jar:2.6.5:compile - omitted for conflict with 2.7.3)
[INFO] |  |  |  |  |  \- (org.apache.hadoop:hadoop-yarn-common:jar:2.6.5:compile - omitted for conflict with 2.7.3)
[INFO] |  |  |  |  +- (org.apache.hadoop:hadoop-mapreduce-client-core:jar:2.6.5:compile - omitted for conflict with 2.5.1)
[INFO] |  |  |  |  +- org.apache.hadoop:hadoop-yarn-server-common:jar:2.6.0:compile
[INFO] |  |  |  |  |  +- (org.apache.hadoop:hadoop-yarn-api:jar:2.6.5:compile - omitted for conflict with 2.7.3)
[INFO] |  |  |  |  |  +- (org.apache.hadoop:hadoop-yarn-common:jar:2.6.5:compile - omitted for conflict with 2.7.3)
[INFO] |  |  |  |  |  +- (com.google.guava:guava:jar:11.0.2:compile - omitted for duplicate)
[INFO] |  |  |  |  |  +- (com.google.protobuf:protobuf-java:jar:2.5.0:compile - omitted for duplicate)
[INFO] |  |  |  |  |  +- (org.apache.zookeeper:zookeeper:jar:3.4.6:compile - omitted for duplicate)
[INFO] |  |  |  |  |  \- (org.fusesource.leveldbjni:leveldbjni-all:jar:1.8:compile - omitted for duplicate)
[INFO] |  |  |  |  +- (com.google.protobuf:protobuf-java:jar:2.5.0:compile - omitted for duplicate)
[INFO] |  |  |  |  +- (org.slf4j:slf4j-api:jar:1.7.5:compile - omitted for conflict with 1.7.10)
[INFO] |  |  |  |  \- (org.slf4j:slf4j-log4j12:jar:1.7.5:compile - omitted for duplicate)
[INFO] |  |  |  +- org.apache.hadoop:hadoop-mapreduce-client-shuffle:jar:2.6.5:compile
[INFO] |  |  |  |  +- (org.apache.hadoop:hadoop-yarn-server-common:jar:2.6.5:compile - omitted for conflict with 2.6.0)
[INFO] |  |  |  |  +- (org.apache.hadoop:hadoop-mapreduce-client-common:jar:2.6.5:compile - omitted for duplicate)
[INFO] |  |  |  |  +- (org.fusesource.leveldbjni:leveldbjni-all:jar:1.8:compile - omitted for duplicate)
[INFO] |  |  |  |  +- (com.google.protobuf:protobuf-java:jar:2.5.0:compile - omitted for duplicate)
[INFO] |  |  |  |  +- (org.slf4j:slf4j-api:jar:1.7.5:compile - omitted for conflict with 1.7.10)
[INFO] |  |  |  |  \- (org.slf4j:slf4j-log4j12:jar:1.7.5:compile - omitted for duplicate)
[INFO] |  |  |  +- (com.google.protobuf:protobuf-java:jar:2.5.0:compile - omitted for duplicate)
[INFO] |  |  |  +- (org.slf4j:slf4j-api:jar:1.7.5:compile - omitted for conflict with 1.7.10)
[INFO] |  |  |  \- (org.slf4j:slf4j-log4j12:jar:1.7.5:compile - omitted for duplicate)
[INFO] |  |  +- (org.apache.hadoop:hadoop-yarn-api:jar:2.6.5:compile - omitted for conflict with 2.7.3)
[INFO] |  |  +- (org.apache.hadoop:hadoop-mapreduce-client-core:jar:2.6.5:compile - omitted for conflict with 2.5.1)
[INFO] |  |  +- org.apache.hadoop:hadoop-mapreduce-client-jobclient:jar:2.6.5:compile
[INFO] |  |  |  +- (org.apache.hadoop:hadoop-mapreduce-client-common:jar:2.6.5:compile - omitted for duplicate)
[INFO] |  |  |  +- (org.apache.hadoop:hadoop-mapreduce-client-shuffle:jar:2.6.5:compile - omitted for duplicate)
[INFO] |  |  |  +- (com.google.protobuf:protobuf-java:jar:2.5.0:compile - omitted for duplicate)
[INFO] |  |  |  +- (org.slf4j:slf4j-api:jar:1.7.5:compile - omitted for conflict with 1.7.10)
[INFO] |  |  |  \- (org.slf4j:slf4j-log4j12:jar:1.7.5:compile - omitted for duplicate)
[INFO] |  |  \- (org.apache.hadoop:hadoop-annotations:jar:2.6.5:compile - omitted for conflict with 2.7.3)
[INFO] |  +- org.apache.spark:spark-launcher_2.11:jar:2.3.1:compile
[INFO] |  |  +- (org.apache.spark:spark-tags_2.11:jar:2.3.1:compile - omitted for duplicate)
[INFO] |  |  \- (org.spark-project.spark:unused:jar:1.0.0:compile - omitted for duplicate)
[INFO] |  +- org.apache.spark:spark-kvstore_2.11:jar:2.3.1:compile
[INFO] |  |  +- (org.apache.spark:spark-tags_2.11:jar:2.3.1:compile - omitted for duplicate)
[INFO] |  |  +- (org.fusesource.leveldbjni:leveldbjni-all:jar:1.8:compile - omitted for duplicate)
[INFO] |  |  +- com.fasterxml.jackson.core:jackson-core:jar:2.6.7:compile
[INFO] |  |  +- (com.fasterxml.jackson.core:jackson-databind:jar:2.6.7.1:compile - omitted for duplicate)
[INFO] |  |  +- com.fasterxml.jackson.core:jackson-annotations:jar:2.6.7:compile
[INFO] |  |  \- (org.spark-project.spark:unused:jar:1.0.0:compile - omitted for duplicate)
[INFO] |  +- org.apache.spark:spark-network-common_2.11:jar:2.3.1:compile
[INFO] |  |  +- (io.netty:netty-all:jar:4.1.17.Final:compile - omitted for duplicate)
[INFO] |  |  +- (org.apache.commons:commons-lang3:jar:3.5:compile - omitted for duplicate)
[INFO] |  |  +- (org.fusesource.leveldbjni:leveldbjni-all:jar:1.8:compile - omitted for duplicate)
[INFO] |  |  +- (com.fasterxml.jackson.core:jackson-databind:jar:2.6.7.1:compile - omitted for duplicate)
[INFO] |  |  +- (com.fasterxml.jackson.core:jackson-annotations:jar:2.6.7:compile - omitted for duplicate)
[INFO] |  |  +- (io.dropwizard.metrics:metrics-core:jar:3.1.5:compile - omitted for duplicate)
[INFO] |  |  +- (com.google.code.findbugs:jsr305:jar:1.3.9:compile - omitted for conflict with 3.0.0)
[INFO] |  |  +- (org.apache.commons:commons-crypto:jar:1.0.0:compile - omitted for duplicate)
[INFO] |  |  \- (org.spark-project.spark:unused:jar:1.0.0:compile - omitted for duplicate)
[INFO] |  +- org.apache.spark:spark-network-shuffle_2.11:jar:2.3.1:compile
[INFO] |  |  +- (org.apache.spark:spark-network-common_2.11:jar:2.3.1:compile - omitted for duplicate)
[INFO] |  |  +- (io.dropwizard.metrics:metrics-core:jar:3.1.5:compile - omitted for duplicate)
[INFO] |  |  \- (org.spark-project.spark:unused:jar:1.0.0:compile - omitted for duplicate)
[INFO] |  +- org.apache.spark:spark-unsafe_2.11:jar:2.3.1:compile
[INFO] |  |  +- (org.apache.spark:spark-tags_2.11:jar:2.3.1:compile - omitted for duplicate)
[INFO] |  |  +- (com.twitter:chill_2.11:jar:0.8.4:compile - omitted for duplicate)
[INFO] |  |  +- (com.google.code.findbugs:jsr305:jar:1.3.9:compile - omitted for conflict with 3.0.0)
[INFO] |  |  \- (org.spark-project.spark:unused:jar:1.0.0:compile - omitted for duplicate)
[INFO] |  +- (net.java.dev.jets3t:jets3t:jar:0.9.4:compile - omitted for conflict with 0.9.0)
[INFO] |  +- (org.apache.curator:curator-recipes:jar:2.6.0:compile - omitted for conflict with 2.7.1)
[INFO] |  +- javax.servlet:javax.servlet-api:jar:3.1.0:compile
[INFO] |  +- org.apache.commons:commons-lang3:jar:3.5:compile
[INFO] |  +- (org.apache.commons:commons-math3:jar:3.4.1:compile - omitted for conflict with 3.1.1)
[INFO] |  +- (com.google.code.findbugs:jsr305:jar:1.3.9:compile - omitted for conflict with 3.0.0)
[INFO] |  +- (org.slf4j:slf4j-api:jar:1.7.16:compile - omitted for conflict with 1.7.10)
[INFO] |  +- org.slf4j:jul-to-slf4j:jar:1.7.16:compile
[INFO] |  |  \- (org.slf4j:slf4j-api:jar:1.7.16:compile - omitted for conflict with 1.7.10)
[INFO] |  +- org.slf4j:jcl-over-slf4j:jar:1.7.16:compile
[INFO] |  |  \- (org.slf4j:slf4j-api:jar:1.7.16:compile - omitted for conflict with 1.7.10)
[INFO] |  +- (log4j:log4j:jar:1.2.17:compile - omitted for duplicate)
[INFO] |  +- (org.slf4j:slf4j-log4j12:jar:1.7.16:compile - omitted for conflict with 1.7.5)
[INFO] |  +- com.ning:compress-lzf:jar:1.0.3:compile
[INFO] |  +- org.xerial.snappy:snappy-java:jar:1.1.2.6:compile
[INFO] |  +- org.lz4:lz4-java:jar:1.4.0:compile
[INFO] |  +- com.github.luben:zstd-jni:jar:1.3.2-2:compile
[INFO] |  +- org.roaringbitmap:RoaringBitmap:jar:0.5.11:compile
[INFO] |  +- (commons-net:commons-net:jar:2.2:compile - omitted for conflict with 3.1)
[INFO] |  +- (org.scala-lang:scala-library:jar:2.11.8:compile - omitted for duplicate)
[INFO] |  +- org.json4s:json4s-jackson_2.11:jar:3.2.11:compile
[INFO] |  |  +- (org.scala-lang:scala-library:jar:2.11.0:compile - omitted for conflict with 2.11.8)
[INFO] |  |  +- org.json4s:json4s-core_2.11:jar:3.2.11:compile
[INFO] |  |  |  +- (org.scala-lang:scala-library:jar:2.11.0:compile - omitted for conflict with 2.11.8)
[INFO] |  |  |  +- org.json4s:json4s-ast_2.11:jar:3.2.11:compile
[INFO] |  |  |  |  \- (org.scala-lang:scala-library:jar:2.11.0:compile - omitted for conflict with 2.11.8)
[INFO] |  |  |  +- (com.thoughtworks.paranamer:paranamer:jar:2.6:compile - omitted for conflict with 2.3)
[INFO] |  |  |  \- org.scala-lang:scalap:jar:2.11.0:compile
[INFO] |  |  |     \- org.scala-lang:scala-compiler:jar:2.11.0:compile
[INFO] |  |  |        +- (org.scala-lang:scala-library:jar:2.11.0:compile - omitted for conflict with 2.11.8)
[INFO] |  |  |        +- (org.scala-lang:scala-reflect:jar:2.11.0:compile - omitted for conflict with 2.11.8)
[INFO] |  |  |        +- org.scala-lang.modules:scala-xml_2.11:jar:1.0.1:compile
[INFO] |  |  |        |  \- (org.scala-lang:scala-library:jar:2.11.0:compile - omitted for conflict with 2.11.8)
[INFO] |  |  |        \- (org.scala-lang.modules:scala-parser-combinators_2.11:jar:1.0.1:compile - omitted for conflict with 1.0.4)
[INFO] |  |  \- (com.fasterxml.jackson.core:jackson-databind:jar:2.3.1:compile - omitted for conflict with 2.6.7.1)
[INFO] |  +- org.glassfish.jersey.core:jersey-client:jar:2.22.2:compile
[INFO] |  |  +- javax.ws.rs:javax.ws.rs-api:jar:2.0.1:compile
[INFO] |  |  +- (org.glassfish.jersey.core:jersey-common:jar:2.22.2:compile - omitted for duplicate)
[INFO] |  |  +- org.glassfish.hk2:hk2-api:jar:2.4.0-b34:compile
[INFO] |  |  |  +- org.glassfish.hk2:hk2-utils:jar:2.4.0-b34:compile
[INFO] |  |  |  \- org.glassfish.hk2.external:aopalliance-repackaged:jar:2.4.0-b34:compile
[INFO] |  |  +- org.glassfish.hk2.external:javax.inject:jar:2.4.0-b34:compile
[INFO] |  |  \- org.glassfish.hk2:hk2-locator:jar:2.4.0-b34:compile
[INFO] |  |     +- (org.glassfish.hk2.external:javax.inject:jar:2.4.0-b34:compile - omitted for duplicate)
[INFO] |  |     +- (org.glassfish.hk2.external:aopalliance-repackaged:jar:2.4.0-b34:compile - omitted for duplicate)
[INFO] |  |     +- (org.glassfish.hk2:hk2-api:jar:2.4.0-b34:compile - omitted for duplicate)
[INFO] |  |     +- (org.glassfish.hk2:hk2-utils:jar:2.4.0-b34:compile - omitted for duplicate)
[INFO] |  |     \- org.javassist:javassist:jar:3.18.1-GA:compile
[INFO] |  +- org.glassfish.jersey.core:jersey-common:jar:2.22.2:compile
[INFO] |  |  +- (javax.ws.rs:javax.ws.rs-api:jar:2.0.1:compile - omitted for duplicate)
[INFO] |  |  +- javax.annotation:javax.annotation-api:jar:1.2:compile
[INFO] |  |  +- org.glassfish.jersey.bundles.repackaged:jersey-guava:jar:2.22.2:compile
[INFO] |  |  +- (org.glassfish.hk2:hk2-api:jar:2.4.0-b34:compile - omitted for duplicate)
[INFO] |  |  +- (org.glassfish.hk2.external:javax.inject:jar:2.4.0-b34:compile - omitted for duplicate)
[INFO] |  |  +- (org.glassfish.hk2:hk2-locator:jar:2.4.0-b34:compile - omitted for duplicate)
[INFO] |  |  \- org.glassfish.hk2:osgi-resource-locator:jar:1.0.1:compile
[INFO] |  +- org.glassfish.jersey.core:jersey-server:jar:2.22.2:compile
[INFO] |  |  +- (org.glassfish.jersey.core:jersey-common:jar:2.22.2:compile - omitted for duplicate)
[INFO] |  |  +- (org.glassfish.jersey.core:jersey-client:jar:2.22.2:compile - omitted for duplicate)
[INFO] |  |  +- (javax.ws.rs:javax.ws.rs-api:jar:2.0.1:compile - omitted for duplicate)
[INFO] |  |  +- org.glassfish.jersey.media:jersey-media-jaxb:jar:2.22.2:compile
[INFO] |  |  |  +- (org.glassfish.jersey.core:jersey-common:jar:2.22.2:compile - omitted for duplicate)
[INFO] |  |  |  +- (org.glassfish.hk2:hk2-api:jar:2.4.0-b34:compile - omitted for duplicate)
[INFO] |  |  |  +- (org.glassfish.hk2.external:javax.inject:jar:2.4.0-b34:compile - omitted for duplicate)
[INFO] |  |  |  +- (org.glassfish.hk2:hk2-locator:jar:2.4.0-b34:compile - omitted for duplicate)
[INFO] |  |  |  \- (org.glassfish.hk2:osgi-resource-locator:jar:1.0.1:compile - omitted for duplicate)
[INFO] |  |  +- (javax.annotation:javax.annotation-api:jar:1.2:compile - omitted for duplicate)
[INFO] |  |  +- (org.glassfish.hk2:hk2-api:jar:2.4.0-b34:compile - omitted for duplicate)
[INFO] |  |  +- (org.glassfish.hk2.external:javax.inject:jar:2.4.0-b34:compile - omitted for duplicate)
[INFO] |  |  +- (org.glassfish.hk2:hk2-locator:jar:2.4.0-b34:compile - omitted for duplicate)
[INFO] |  |  \- javax.validation:validation-api:jar:1.1.0.Final:compile
[INFO] |  +- org.glassfish.jersey.containers:jersey-container-servlet:jar:2.22.2:compile
[INFO] |  |  +- (org.glassfish.jersey.containers:jersey-container-servlet-core:jar:2.22.2:compile - omitted for duplicate)
[INFO] |  |  +- (org.glassfish.jersey.core:jersey-common:jar:2.22.2:compile - omitted for duplicate)
[INFO] |  |  +- (org.glassfish.jersey.core:jersey-server:jar:2.22.2:compile - omitted for duplicate)
[INFO] |  |  \- (javax.ws.rs:javax.ws.rs-api:jar:2.0.1:compile - omitted for duplicate)
[INFO] |  +- org.glassfish.jersey.containers:jersey-container-servlet-core:jar:2.22.2:compile
[INFO] |  |  +- (org.glassfish.hk2.external:javax.inject:jar:2.4.0-b34:compile - omitted for duplicate)
[INFO] |  |  +- (org.glassfish.jersey.core:jersey-common:jar:2.22.2:compile - omitted for duplicate)
[INFO] |  |  +- (org.glassfish.jersey.core:jersey-server:jar:2.22.2:compile - omitted for duplicate)
[INFO] |  |  \- (javax.ws.rs:javax.ws.rs-api:jar:2.0.1:compile - omitted for duplicate)
[INFO] |  +- io.netty:netty-all:jar:4.1.17.Final:compile
[INFO] |  +- (io.netty:netty:jar:3.9.9.Final:compile - omitted for conflict with 3.6.2.Final)
[INFO] |  +- com.clearspring.analytics:stream:jar:2.7.0:compile
[INFO] |  +- io.dropwizard.metrics:metrics-core:jar:3.1.5:compile
[INFO] |  |  \- (org.slf4j:slf4j-api:jar:1.7.7:compile - omitted for conflict with 1.7.10)
[INFO] |  +- io.dropwizard.metrics:metrics-jvm:jar:3.1.5:compile
[INFO] |  |  +- (io.dropwizard.metrics:metrics-core:jar:3.1.5:compile - omitted for duplicate)
[INFO] |  |  \- (org.slf4j:slf4j-api:jar:1.7.7:compile - omitted for conflict with 1.7.10)
[INFO] |  +- io.dropwizard.metrics:metrics-json:jar:3.1.5:compile
[INFO] |  |  +- (io.dropwizard.metrics:metrics-core:jar:3.1.5:compile - omitted for duplicate)
[INFO] |  |  +- (com.fasterxml.jackson.core:jackson-databind:jar:2.4.2:compile - omitted for conflict with 2.6.7.1)
[INFO] |  |  \- (org.slf4j:slf4j-api:jar:1.7.7:compile - omitted for conflict with 1.7.10)
[INFO] |  +- io.dropwizard.metrics:metrics-graphite:jar:3.1.5:compile
[INFO] |  |  +- (io.dropwizard.metrics:metrics-core:jar:3.1.5:compile - omitted for duplicate)
[INFO] |  |  \- (org.slf4j:slf4j-api:jar:1.7.7:compile - omitted for conflict with 1.7.10)
[INFO] |  +- com.fasterxml.jackson.core:jackson-databind:jar:2.6.7.1:compile
[INFO] |  |  +- (com.fasterxml.jackson.core:jackson-annotations:jar:2.6.0:compile - omitted for conflict with 2.6.7)
[INFO] |  |  \- (com.fasterxml.jackson.core:jackson-core:jar:2.6.7:compile - omitted for duplicate)
[INFO] |  +- com.fasterxml.jackson.module:jackson-module-scala_2.11:jar:2.6.7.1:compile
[INFO] |  |  +- (org.scala-lang:scala-library:jar:2.11.8:compile - omitted for duplicate)
[INFO] |  |  +- org.scala-lang:scala-reflect:jar:2.11.8:compile
[INFO] |  |  |  \- (org.scala-lang:scala-library:jar:2.11.8:compile - omitted for duplicate)
[INFO] |  |  +- (com.fasterxml.jackson.core:jackson-core:jar:2.6.7:compile - omitted for duplicate)
[INFO] |  |  +- (com.fasterxml.jackson.core:jackson-annotations:jar:2.6.7:compile - omitted for duplicate)
[INFO] |  |  +- (com.fasterxml.jackson.core:jackson-databind:jar:2.6.7:compile - omitted for conflict with 2.6.7.1)
[INFO] |  |  \- com.fasterxml.jackson.module:jackson-module-paranamer:jar:2.7.9:compile
[INFO] |  |     \- (com.thoughtworks.paranamer:paranamer:jar:2.8:compile - omitted for conflict with 2.3)
[INFO] |  +- org.apache.ivy:ivy:jar:2.4.0:compile
[INFO] |  +- oro:oro:jar:2.0.8:compile
[INFO] |  +- net.razorvine:pyrolite:jar:4.13:compile
[INFO] |  +- net.sf.py4j:py4j:jar:0.10.7:compile
[INFO] |  +- org.apache.spark:spark-tags_2.11:jar:2.3.1:compile
[INFO] |  |  +- (org.scala-lang:scala-library:jar:2.11.8:compile - omitted for duplicate)
[INFO] |  |  \- (org.spark-project.spark:unused:jar:1.0.0:compile - omitted for duplicate)
[INFO] |  +- org.apache.commons:commons-crypto:jar:1.0.0:compile
[INFO] |  \- org.spark-project.spark:unused:jar:1.0.0:compile
[INFO] +- org.apache.spark:spark-sql_2.11:jar:2.3.1:compile
[INFO] |  +- com.univocity:univocity-parsers:jar:2.5.9:compile
[INFO] |  +- org.apache.spark:spark-sketch_2.11:jar:2.3.1:compile
[INFO] |  |  +- (org.apache.spark:spark-tags_2.11:jar:2.3.1:compile - omitted for duplicate)
[INFO] |  |  \- (org.spark-project.spark:unused:jar:1.0.0:compile - omitted for duplicate)
[INFO] |  +- (org.apache.spark:spark-core_2.11:jar:2.3.1:compile - omitted for duplicate)
[INFO] |  +- org.apache.spark:spark-catalyst_2.11:jar:2.3.1:compile
[INFO] |  |  +- (org.scala-lang:scala-reflect:jar:2.11.8:compile - omitted for duplicate)
[INFO] |  |  +- (org.scala-lang.modules:scala-parser-combinators_2.11:jar:1.0.4:compile - omitted for duplicate)
[INFO] |  |  +- (org.apache.spark:spark-core_2.11:jar:2.3.1:compile - omitted for duplicate)
[INFO] |  |  +- (org.apache.spark:spark-tags_2.11:jar:2.3.1:compile - omitted for duplicate)
[INFO] |  |  +- (org.apache.spark:spark-unsafe_2.11:jar:2.3.1:compile - omitted for duplicate)
[INFO] |  |  +- (org.apache.spark:spark-sketch_2.11:jar:2.3.1:compile - omitted for duplicate)
[INFO] |  |  +- org.codehaus.janino:janino:jar:3.0.8:compile
[INFO] |  |  |  \- (org.codehaus.janino:commons-compiler:jar:3.0.8:compile - omitted for duplicate)
[INFO] |  |  +- org.codehaus.janino:commons-compiler:jar:3.0.8:compile
[INFO] |  |  +- org.antlr:antlr4-runtime:jar:4.7:compile
[INFO] |  |  +- (commons-codec:commons-codec:jar:1.10:compile - omitted for conflict with 1.4)
[INFO] |  |  \- (org.spark-project.spark:unused:jar:1.0.0:compile - omitted for duplicate)
[INFO] |  +- (org.apache.spark:spark-tags_2.11:jar:2.3.1:compile - omitted for duplicate)
[INFO] |  +- org.apache.orc:orc-core:jar:nohive:1.4.4:compile
[INFO] |  |  +- (com.google.protobuf:protobuf-java:jar:2.5.0:compile - omitted for duplicate)
[INFO] |  |  +- (commons-lang:commons-lang:jar:2.6:compile - omitted for duplicate)
[INFO] |  |  +- io.airlift:aircompressor:jar:0.8:compile
[INFO] |  |  \- (org.slf4j:slf4j-api:jar:1.7.5:compile - omitted for conflict with 1.7.10)
[INFO] |  +- org.apache.orc:orc-mapreduce:jar:nohive:1.4.4:compile
[INFO] |  |  +- (com.esotericsoftware:kryo-shaded:jar:3.0.3:compile - omitted for duplicate)
[INFO] |  |  \- (commons-codec:commons-codec:jar:1.4:compile - omitted for duplicate)
[INFO] |  +- org.apache.parquet:parquet-column:jar:1.8.3:compile
[INFO] |  |  +- org.apache.parquet:parquet-common:jar:1.8.3:compile
[INFO] |  |  |  \- (org.slf4j:slf4j-api:jar:1.7.5:compile - omitted for conflict with 1.7.10)
[INFO] |  |  +- org.apache.parquet:parquet-encoding:jar:1.8.3:compile
[INFO] |  |  |  +- (org.apache.parquet:parquet-common:jar:1.8.3:compile - omitted for duplicate)
[INFO] |  |  |  \- (commons-codec:commons-codec:jar:1.5:compile - omitted for conflict with 1.4)
[INFO] |  |  \- (commons-codec:commons-codec:jar:1.5:compile - omitted for conflict with 1.4)
[INFO] |  +- org.apache.parquet:parquet-hadoop:jar:1.8.3:compile
[INFO] |  |  +- (org.apache.parquet:parquet-column:jar:1.8.3:compile - omitted for duplicate)
[INFO] |  |  +- org.apache.parquet:parquet-format:jar:2.3.1:compile
[INFO] |  |  +- org.apache.parquet:parquet-jackson:jar:1.8.3:compile
[INFO] |  |  +- (org.codehaus.jackson:jackson-mapper-asl:jar:1.9.11:compile - omitted for conflict with 1.9.13)
[INFO] |  |  +- (org.codehaus.jackson:jackson-core-asl:jar:1.9.11:compile - omitted for conflict with 1.9.13)
[INFO] |  |  \- (org.xerial.snappy:snappy-java:jar:1.1.1.6:compile - omitted for conflict with 1.1.2.6)
[INFO] |  +- (com.fasterxml.jackson.core:jackson-databind:jar:2.6.7.1:compile - omitted for duplicate)
[INFO] |  +- org.apache.arrow:arrow-vector:jar:0.8.0:compile
[INFO] |  |  +- org.apache.arrow:arrow-format:jar:0.8.0:compile
[INFO] |  |  |  \- (com.vlkan:flatbuffers:jar:1.2.0-3f79e055:compile - omitted for duplicate)
[INFO] |  |  +- org.apache.arrow:arrow-memory:jar:0.8.0:compile
[INFO] |  |  |  +- (com.google.code.findbugs:jsr305:jar:3.0.2:compile - omitted for conflict with 3.0.0)
[INFO] |  |  |  \- (org.slf4j:slf4j-api:jar:1.7.25:compile - omitted for conflict with 1.7.10)
[INFO] |  |  +- (joda-time:joda-time:jar:2.9.9:compile - omitted for conflict with 2.5)
[INFO] |  |  +- (com.fasterxml.jackson.core:jackson-core:jar:2.7.9:compile - omitted for conflict with 2.6.7)
[INFO] |  |  +- com.carrotsearch:hppc:jar:0.7.2:compile
[INFO] |  |  +- (commons-codec:commons-codec:jar:1.10:compile - omitted for conflict with 1.4)
[INFO] |  |  +- com.vlkan:flatbuffers:jar:1.2.0-3f79e055:compile
[INFO] |  |  +- (com.google.code.findbugs:jsr305:jar:3.0.2:compile - omitted for conflict with 3.0.0)
[INFO] |  |  \- (org.slf4j:slf4j-api:jar:1.7.25:compile - omitted for conflict with 1.7.10)
[INFO] |  +- (org.apache.xbean:xbean-asm5-shaded:jar:4.4:compile - omitted for duplicate)
[INFO] |  \- (org.spark-project.spark:unused:jar:1.0.0:compile - omitted for duplicate)
[INFO] +- org.apache.spark:spark-streaming_2.11:jar:2.3.1:compile
[INFO] |  +- (org.apache.spark:spark-core_2.11:jar:2.3.1:compile - omitted for duplicate)
[INFO] |  +- (org.apache.spark:spark-tags_2.11:jar:2.3.1:compile - omitted for duplicate)
[INFO] |  +- (org.scala-lang:scala-library:jar:2.11.8:compile - omitted for duplicate)
[INFO] |  \- (org.spark-project.spark:unused:jar:1.0.0:compile - omitted for duplicate)
[INFO] +- org.apache.spark:spark-hive_2.11:jar:2.3.1:compile
[INFO] |  +- com.twitter:parquet-hadoop-bundle:jar:1.6.0:compile
[INFO] |  +- (org.apache.spark:spark-core_2.11:jar:2.3.1:compile - omitted for duplicate)
[INFO] |  +- (org.apache.spark:spark-sql_2.11:jar:2.3.1:compile - omitted for duplicate)
[INFO] |  +- org.spark-project.hive:hive-exec:jar:1.2.1.spark2:compile
[INFO] |  |  +- (com.twitter:parquet-hadoop-bundle:jar:1.6.0:compile - omitted for duplicate)
[INFO] |  |  +- (commons-io:commons-io:jar:2.4:compile - omitted for duplicate)
[INFO] |  |  +- (org.apache.commons:commons-lang3:jar:3.1:compile - omitted for conflict with 3.5)
[INFO] |  |  +- (commons-lang:commons-lang:jar:2.6:compile - omitted for duplicate)
[INFO] |  |  +- javolution:javolution:jar:5.5.1:compile
[INFO] |  |  +- (log4j:apache-log4j-extras:jar:1.2.17:compile - omitted for duplicate)
[INFO] |  |  +- (org.antlr:antlr-runtime:jar:3.4:compile - omitted for duplicate)
[INFO] |  |  +- org.antlr:ST4:jar:4.0.4:compile
[INFO] |  |  |  \- (org.antlr:antlr-runtime:jar:3.3:compile - omitted for conflict with 3.4)
[INFO] |  |  +- (org.apache.avro:avro:jar:1.7.5:compile - omitted for conflict with 1.7.4)
[INFO] |  |  +- (org.apache.commons:commons-compress:jar:1.4.1:compile - omitted for duplicate)
[INFO] |  |  +- (org.apache.ivy:ivy:jar:2.4.0:compile - omitted for duplicate)
[INFO] |  |  +- (org.codehaus.jackson:jackson-core-asl:jar:1.9.2:compile - omitted for conflict with 1.9.13)
[INFO] |  |  +- (org.jodd:jodd-core:jar:3.5.2:compile - omitted for duplicate)
[INFO] |  |  +- (org.codehaus.jackson:jackson-mapper-asl:jar:1.9.2:compile - omitted for conflict with 1.9.13)
[INFO] |  |  +- (org.datanucleus:datanucleus-core:jar:3.2.10:compile - omitted for duplicate)
[INFO] |  |  +- (org.apache.calcite:calcite-avatica:jar:1.2.0-incubating:compile - omitted for duplicate)
[INFO] |  |  +- com.googlecode.javaewah:JavaEWAH:jar:0.3.2:compile
[INFO] |  |  +- org.iq80.snappy:snappy:jar:0.2:compile
[INFO] |  |  +- stax:stax-api:jar:1.0.1:compile
[INFO] |  |  \- (net.sf.opencsv:opencsv:jar:2.3:compile - omitted for duplicate)
[INFO] |  +- org.spark-project.hive:hive-metastore:jar:1.2.1.spark2:compile
[INFO] |  |  +- (com.jolbox:bonecp:jar:0.8.0.RELEASE:compile - omitted for duplicate)
[INFO] |  |  +- (commons-cli:commons-cli:jar:1.2:compile - omitted for duplicate)
[INFO] |  |  +- (commons-lang:commons-lang:jar:2.6:compile - omitted for duplicate)
[INFO] |  |  +- (commons-logging:commons-logging:jar:1.1.3:compile - omitted for duplicate)
[INFO] |  |  +- (org.apache.derby:derby:jar:10.10.2.0:compile - omitted for duplicate)
[INFO] |  |  +- (org.datanucleus:datanucleus-api-jdo:jar:3.2.6:compile - omitted for duplicate)
[INFO] |  |  +- (org.datanucleus:datanucleus-core:jar:3.2.10:compile - omitted for duplicate)
[INFO] |  |  +- (org.datanucleus:datanucleus-rdbms:jar:3.2.9:compile - omitted for duplicate)
[INFO] |  |  +- (commons-pool:commons-pool:jar:1.5.4:compile - omitted for duplicate)
[INFO] |  |  +- (commons-dbcp:commons-dbcp:jar:1.4:compile - omitted for duplicate)
[INFO] |  |  +- (javax.jdo:jdo-api:jar:3.0.1:compile - omitted for duplicate)
[INFO] |  |  \- (org.antlr:antlr-runtime:jar:3.4:compile - omitted for duplicate)
[INFO] |  +- (org.apache.avro:avro:jar:1.7.7:compile - omitted for conflict with 1.7.4)
[INFO] |  +- (org.apache.avro:avro-mapred:jar:hadoop2:1.7.7:compile - omitted for duplicate)
[INFO] |  +- (commons-httpclient:commons-httpclient:jar:3.1:compile - omitted for duplicate)
[INFO] |  +- org.apache.calcite:calcite-avatica:jar:1.2.0-incubating:compile
[INFO] |  +- org.apache.calcite:calcite-core:jar:1.2.0-incubating:compile
[INFO] |  |  +- (org.apache.calcite:calcite-avatica:jar:1.2.0-incubating:compile - omitted for duplicate)
[INFO] |  |  +- org.apache.calcite:calcite-linq4j:jar:1.2.0-incubating:compile
[INFO] |  |  +- (commons-dbcp:commons-dbcp:jar:1.4:compile - omitted for duplicate)
[INFO] |  |  \- net.hydromatic:eigenbase-properties:jar:1.1.5:compile
[INFO] |  +- (org.apache.httpcomponents:httpclient:jar:4.5.4:compile - omitted for conflict with 4.4)
[INFO] |  +- (org.codehaus.jackson:jackson-mapper-asl:jar:1.9.13:compile - omitted for duplicate)
[INFO] |  +- (commons-codec:commons-codec:jar:1.10:compile - omitted for conflict with 1.4)
[INFO] |  +- joda-time:joda-time:jar:2.9.3:compile
[INFO] |  +- org.jodd:jodd-core:jar:3.5.2:compile
[INFO] |  +- (com.google.code.findbugs:jsr305:jar:1.3.9:compile - omitted for conflict with 3.0.0)
[INFO] |  +- org.datanucleus:datanucleus-core:jar:3.2.10:compile
[INFO] |  +- (org.apache.thrift:libthrift:jar:0.9.3:compile - omitted for conflict with 0.9.2)
[INFO] |  +- org.apache.thrift:libfb303:jar:0.9.3:compile
[INFO] |  |  \- (org.apache.thrift:libthrift:jar:0.9.3:compile - omitted for conflict with 0.9.2)
[INFO] |  +- org.apache.derby:derby:jar:10.12.1.1:compile
[INFO] |  \- (org.spark-project.spark:unused:jar:1.0.0:compile - omitted for duplicate)
[INFO] +- org.apache.spark:spark-mllib_2.11:jar:2.3.1:compile
[INFO] |  +- org.scala-lang.modules:scala-parser-combinators_2.11:jar:1.0.4:compile
[INFO] |  |  \- (org.scala-lang:scala-library:jar:2.11.6:compile - omitted for conflict with 2.11.8)
[INFO] |  +- (org.apache.spark:spark-core_2.11:jar:2.3.1:compile - omitted for duplicate)
[INFO] |  +- (org.apache.spark:spark-streaming_2.11:jar:2.3.1:compile - omitted for duplicate)
[INFO] |  +- (org.apache.spark:spark-sql_2.11:jar:2.3.1:compile - omitted for duplicate)
[INFO] |  +- org.apache.spark:spark-graphx_2.11:jar:2.3.1:compile
[INFO] |  |  +- (org.apache.spark:spark-core_2.11:jar:2.3.1:compile - omitted for duplicate)
[INFO] |  |  +- (org.apache.spark:spark-mllib-local_2.11:jar:2.3.1:compile - omitted for duplicate)
[INFO] |  |  +- (org.apache.xbean:xbean-asm5-shaded:jar:4.4:compile - omitted for duplicate)
[INFO] |  |  +- com.github.fommil.netlib:core:jar:1.1.2:compile
[INFO] |  |  |  \- (net.sourceforge.f2j:arpack_combined_all:jar:0.1:compile - omitted for duplicate)
[INFO] |  |  +- net.sourceforge.f2j:arpack_combined_all:jar:0.1:compile
[INFO] |  |  +- (org.apache.spark:spark-tags_2.11:jar:2.3.1:compile - omitted for duplicate)
[INFO] |  |  \- (org.spark-project.spark:unused:jar:1.0.0:compile - omitted for duplicate)
[INFO] |  +- org.apache.spark:spark-mllib-local_2.11:jar:2.3.1:compile
[INFO] |  |  +- (org.scalanlp:breeze_2.11:jar:0.13.2:compile - omitted for duplicate)
[INFO] |  |  +- (org.apache.commons:commons-math3:jar:3.4.1:compile - omitted for conflict with 3.1.1)
[INFO] |  |  +- (org.apache.spark:spark-tags_2.11:jar:2.3.1:compile - omitted for duplicate)
[INFO] |  |  \- (org.spark-project.spark:unused:jar:1.0.0:compile - omitted for duplicate)
[INFO] |  +- org.scalanlp:breeze_2.11:jar:0.13.2:compile
[INFO] |  |  +- (org.scala-lang:scala-library:jar:2.11.8:compile - omitted for duplicate)
[INFO] |  |  +- org.scalanlp:breeze-macros_2.11:jar:0.13.2:compile
[INFO] |  |  |  +- (org.scala-lang:scala-library:jar:2.11.8:compile - omitted for duplicate)
[INFO] |  |  |  \- (org.scala-lang:scala-reflect:jar:2.11.8:compile - omitted for duplicate)
[INFO] |  |  +- (com.github.fommil.netlib:core:jar:1.1.2:compile - omitted for duplicate)
[INFO] |  |  +- (net.sourceforge.f2j:arpack_combined_all:jar:0.1:compile - omitted for duplicate)
[INFO] |  |  +- (net.sf.opencsv:opencsv:jar:2.3:compile - omitted for duplicate)
[INFO] |  |  +- com.github.rwl:jtransforms:jar:2.4.0:compile
[INFO] |  |  +- org.spire-math:spire_2.11:jar:0.13.0:compile
[INFO] |  |  |  +- (org.scala-lang:scala-library:jar:2.11.8:compile - omitted for duplicate)
[INFO] |  |  |  +- org.spire-math:spire-macros_2.11:jar:0.13.0:compile
[INFO] |  |  |  |  +- (org.scala-lang:scala-library:jar:2.11.8:compile - omitted for duplicate)
[INFO] |  |  |  |  \- (org.typelevel:machinist_2.11:jar:0.6.1:compile - omitted for duplicate)
[INFO] |  |  |  \- org.typelevel:machinist_2.11:jar:0.6.1:compile
[INFO] |  |  |     +- (org.scala-lang:scala-library:jar:2.11.8:compile - omitted for duplicate)
[INFO] |  |  |     \- (org.scala-lang:scala-reflect:jar:2.11.8:compile - omitted for duplicate)
[INFO] |  |  +- com.chuusai:shapeless_2.11:jar:2.3.2:compile
[INFO] |  |  |  +- (org.scala-lang:scala-library:jar:2.11.8:compile - omitted for duplicate)
[INFO] |  |  |  \- org.typelevel:macro-compat_2.11:jar:1.1.1:compile
[INFO] |  |  |     \- (org.scala-lang:scala-library:jar:2.11.7:compile - omitted for conflict with 2.11.8)
[INFO] |  |  \- (org.slf4j:slf4j-api:jar:1.7.5:compile - omitted for conflict with 1.7.10)
[INFO] |  +- (org.apache.commons:commons-math3:jar:3.4.1:compile - omitted for conflict with 3.1.1)
[INFO] |  +- (org.apache.spark:spark-tags_2.11:jar:2.3.1:compile - omitted for duplicate)
[INFO] |  \- (org.spark-project.spark:unused:jar:1.0.0:compile - omitted for duplicate)
[INFO] \- org.elasticsearch.client:elasticsearch-rest-client:jar:6.2.3:compile
[INFO]    +- (org.apache.httpcomponents:httpclient:jar:4.5.2:compile - omitted for conflict with 4.4)
[INFO]    +- (org.apache.httpcomponents:httpcore:jar:4.4.5:compile - omitted for conflict with 4.4)
[INFO]    +- org.apache.httpcomponents:httpasyncclient:jar:4.1.2:compile
[INFO]    +- org.apache.httpcomponents:httpcore-nio:jar:4.4.5:compile
[INFO]    +- (commons-codec:commons-codec:jar:1.10:compile - omitted for conflict with 1.4)
[INFO]    \- (commons-logging:commons-logging:jar:1.1.3:compile - omitted for duplicate)
[INFO] ------------------------------------------------------------------------
[INFO] BUILD SUCCESS
[INFO] ------------------------------------------------------------------------
[INFO] Total time: 18.569 s
[INFO] Finished at: 2018-08-21T11:05:03+08:00
[INFO] ------------------------------------------------------------------------
